2025-06-29 17:16: ERROR: Job 81258 (background job wmy) took too long to complete above threshold of 10 min: 0:14:46
2025-06-29 17:16: ERROR: Job 45135 (scheduled task 515) took too long to complete above threshold of 10 min: 0:12:23
2025-06-29 17:16: ERROR: Job 39547 (scheduled task 051) took too long to complete above threshold of 10 min: 0:11:29
2025-06-29 17:16: WARNING: Job 87228 (scheduled task 268) completed on low performance above threshhold of 5 min: 0:09:28
2025-06-29 17:16: ERROR: Job 70808 (scheduled task 182) took too long to complete above threshold of 10 min: 0:33:43
2025-06-29 17:16: WARNING: Job 71766 (scheduled task 074) completed on low performance above threshhold of 5 min: 0:05:47
2025-06-29 17:16: WARNING: Job 50295 (scheduled task 811) completed on low performance above threshhold of 5 min: 0:06:35
2025-06-29 17:16: WARNING: Job 27222 (scheduled task 294) completed on low performance above threshhold of 5 min: 0:06:08
2025-06-29 17:16: ERROR: Job 39860 (scheduled task 460) took too long to complete above threshold of 10 min: 0:19:52
2025-06-29 17:16: WARNING: Job 87570 (scheduled task 794) completed on low performance above threshhold of 5 min: 0:07:53
2025-06-29 17:16: ERROR: Job 85742 (scheduled task 064) took too long to complete above threshold of 10 min: 0:12:17
2025-06-29 17:16: ERROR: Job 22003 (scheduled task 004) took too long to complete above threshold of 10 min: 0:11:13
2025-06-29 17:16: WARNING: Job 99672 (background job sqm) completed on low performance above threshhold of 5 min: 0:05:13
2025-06-29 17:16: WARNING: Job 86716 (background job xfg) completed on low performance above threshhold of 5 min: 0:05:34
2025-06-29 17:16: ERROR: Job 52532 (background job tqc) took too long to complete above threshold of 10 min: 0:13:53
2025-06-29 17:16: ERROR: Job 72029 (scheduled task 333) is still running and exceeded 10 minutes: 5:13:31
2025-06-29 17:16: WARNING: Job 98746 (scheduled task 746) completed on low performance above threshhold of 5 min: 0:07:17
2025-06-29 17:16: ERROR: Job 23703 (scheduled task 374) took too long to complete above threshold of 10 min: 0:13:26
2025-06-29 17:16: ERROR: Job 62401 (scheduled task 936) took too long to complete above threshold of 10 min: 0:10:24
2025-06-29 17:16: WARNING: Job 24482 (scheduled task 672) completed on low performance above threshhold of 5 min: 0:08:36
2025-06-29 17:16: ERROR: Job 72897 (scheduled task 016) is still running and exceeded 10 minutes: 5:04:24
